c:\users\rando\source\repos\consoleapplication4\consoleapplication4\debug\consoleapplication4.pch
c:\users\rando\source\repos\consoleapplication4\consoleapplication4\debug\vc141.pdb
c:\users\rando\source\repos\consoleapplication4\consoleapplication4\debug\vc141.idb
c:\users\rando\source\repos\consoleapplication4\consoleapplication4\debug\stdafx.obj
c:\users\rando\source\repos\consoleapplication4\consoleapplication4\debug\consoleapplication4.obj
c:\users\rando\source\repos\consoleapplication4\consoleapplication4\debug\ray.obj
c:\users\rando\source\repos\consoleapplication4\consoleapplication4\debug\sphere.obj
c:\users\rando\source\repos\consoleapplication4\consoleapplication4\debug\vector.obj
c:\users\rando\source\repos\consoleapplication4\debug\consoleapplication4.exe
c:\users\rando\source\repos\consoleapplication4\debug\consoleapplication4.ilk
c:\users\rando\source\repos\consoleapplication4\debug\consoleapplication4.pdb
c:\users\rando\source\repos\consoleapplication4\consoleapplication4\debug\consolea.927989a7.tlog\cl.command.1.tlog
c:\users\rando\source\repos\consoleapplication4\consoleapplication4\debug\consolea.927989a7.tlog\cl.read.1.tlog
c:\users\rando\source\repos\consoleapplication4\consoleapplication4\debug\consolea.927989a7.tlog\cl.write.1.tlog
c:\users\rando\source\repos\consoleapplication4\consoleapplication4\debug\consolea.927989a7.tlog\link-cvtres.read.1.tlog
c:\users\rando\source\repos\consoleapplication4\consoleapplication4\debug\consolea.927989a7.tlog\link-cvtres.write.1.tlog
c:\users\rando\source\repos\consoleapplication4\consoleapplication4\debug\consolea.927989a7.tlog\link-rc.read.1.tlog
c:\users\rando\source\repos\consoleapplication4\consoleapplication4\debug\consolea.927989a7.tlog\link-rc.write.1.tlog
c:\users\rando\source\repos\consoleapplication4\consoleapplication4\debug\consolea.927989a7.tlog\link.3232-cvtres.read.1.tlog
c:\users\rando\source\repos\consoleapplication4\consoleapplication4\debug\consolea.927989a7.tlog\link.3232-cvtres.write.1.tlog
c:\users\rando\source\repos\consoleapplication4\consoleapplication4\debug\consolea.927989a7.tlog\link.3232-rc.read.1.tlog
c:\users\rando\source\repos\consoleapplication4\consoleapplication4\debug\consolea.927989a7.tlog\link.3232-rc.write.1.tlog
c:\users\rando\source\repos\consoleapplication4\consoleapplication4\debug\consolea.927989a7.tlog\link.3232.read.1.tlog
c:\users\rando\source\repos\consoleapplication4\consoleapplication4\debug\consolea.927989a7.tlog\link.3232.write.1.tlog
c:\users\rando\source\repos\consoleapplication4\consoleapplication4\debug\consolea.927989a7.tlog\link.command.1.tlog
c:\users\rando\source\repos\consoleapplication4\consoleapplication4\debug\consolea.927989a7.tlog\link.read.1.tlog
c:\users\rando\source\repos\consoleapplication4\consoleapplication4\debug\consolea.927989a7.tlog\link.write.1.tlog
