c:\users\rando\desktop\informatique graphique\consoleapplication4\consoleapplication4\x64\release\vc141.pdb
c:\users\rando\desktop\informatique graphique\consoleapplication4\consoleapplication4\x64\release\vector.obj
c:\users\rando\desktop\informatique graphique\consoleapplication4\consoleapplication4\x64\release\triangle.obj
c:\users\rando\desktop\informatique graphique\consoleapplication4\consoleapplication4\x64\release\sphere.obj
c:\users\rando\desktop\informatique graphique\consoleapplication4\consoleapplication4\x64\release\scene.obj
c:\users\rando\desktop\informatique graphique\consoleapplication4\consoleapplication4\x64\release\ray.obj
c:\users\rando\desktop\informatique graphique\consoleapplication4\consoleapplication4\x64\release\object.obj
c:\users\rando\desktop\informatique graphique\consoleapplication4\consoleapplication4\x64\release\geometry.obj
c:\users\rando\desktop\informatique graphique\consoleapplication4\consoleapplication4\x64\release\consoleapplication4.obj
c:\users\rando\desktop\informatique graphique\consoleapplication4\consoleapplication4\x64\release\bvh.obj
c:\users\rando\desktop\informatique graphique\consoleapplication4\x64\release\consoleapplication4.ipdb
c:\users\rando\desktop\informatique graphique\consoleapplication4\x64\release\consoleapplication4.iobj
c:\users\rando\desktop\informatique graphique\consoleapplication4\x64\release\consoleapplication4.exe
c:\users\rando\desktop\informatique graphique\consoleapplication4\x64\release\consoleapplication4.pdb
c:\users\rando\desktop\informatique graphique\consoleapplication4\consoleapplication4\x64\release\consolea.927989a7.tlog\cl.command.1.tlog
c:\users\rando\desktop\informatique graphique\consoleapplication4\consoleapplication4\x64\release\consolea.927989a7.tlog\cl.read.1.tlog
c:\users\rando\desktop\informatique graphique\consoleapplication4\consoleapplication4\x64\release\consolea.927989a7.tlog\cl.write.1.tlog
c:\users\rando\desktop\informatique graphique\consoleapplication4\consoleapplication4\x64\release\consolea.927989a7.tlog\consoleapplication4.write.1u.tlog
c:\users\rando\desktop\informatique graphique\consoleapplication4\consoleapplication4\x64\release\consolea.927989a7.tlog\link.command.1.tlog
c:\users\rando\desktop\informatique graphique\consoleapplication4\consoleapplication4\x64\release\consolea.927989a7.tlog\link.read.1.tlog
c:\users\rando\desktop\informatique graphique\consoleapplication4\consoleapplication4\x64\release\consolea.927989a7.tlog\link.write.1.tlog
